<?xml version="1.0" encoding="UTF-8"?>
<coverage generated="1481074181643" clover="3.2.0">
  <project timestamp="1481074181644" name="All files">
    <metrics statements="4" coveredstatements="0" conditionals="8" coveredconditionals="0" methods="2" coveredmethods="0" elements="14" coveredelements="0" complexity="0" loc="4" ncloc="4" packages="1" files="2" classes="2">
      <file name="index.js" path="/Users/Otal/Web Projects/market-logic/src/index.js">
        <metrics statements="1" coveredstatements="0" conditionals="4" coveredconditionals="0" methods="1" coveredmethods="0"/>
        <line num="8" count="0" type="stmt"/>
      </file>
      <file name="store.js" path="/Users/Otal/Web Projects/market-logic/src/store.js">
        <metrics statements="3" coveredstatements="0" conditionals="4" coveredconditionals="0" methods="1" coveredmethods="0"/>
        <line num="1" count="0" type="stmt"/>
        <line num="7" count="0" type="stmt"/>
        <line num="9" count="0" type="stmt"/>
      </file>
    </metrics>
  </project>
</coverage>
