{"/Users/Otal/Web Projects/market-logic/src/index.js": {"path":"/Users/Otal/Web Projects/market-logic/src/index.js","statementMap":{"0":{"start":{"line":8,"column":168},"end":{"line":8,"column":222}}},"fnMap":{"0":{"name":"_interopRequireDefault","decl":{"start":{"line":8,"column":139},"end":{"line":8,"column":161}},"loc":{"start":{"line":8,"column":167},"end":{"line":8,"column":223}}}},"branchMap":{"0":{"loc":{"start":{"line":8,"column":175},"end":{"line":8,"column":221}},"type":"cond-expr","locations":[{"start":{"line":8,"column":199},"end":{"line":8,"column":202}},{"start":{"line":8,"column":205},"end":{"line":8,"column":221}}]},"1":{"loc":{"start":{"line":8,"column":175},"end":{"line":8,"column":196}},"type":"binary-expr","locations":[{"start":{"line":8,"column":175},"end":{"line":8,"column":178}},{"start":{"line":8,"column":182},"end":{"line":8,"column":196}}]}},"s":{"0":0},"f":{"0":0},"b":{"0":[0,0],"1":[0,0]}}
,"/Users/Otal/Web Projects/market-logic/src/store.js": {"path":"/Users/Otal/Web Projects/market-logic/src/store.js","statementMap":{"0":{"start":{"line":1,"column":39},"end":{"line":1,"column":101}},"1":{"start":{"line":7,"column":180},"end":{"line":7,"column":234}},"2":{"start":{"line":9,"column":43},"end":{"line":9,"column":242}}},"fnMap":{"0":{"name":"_interopRequireDefault","decl":{"start":{"line":7,"column":151},"end":{"line":7,"column":173}},"loc":{"start":{"line":7,"column":179},"end":{"line":7,"column":235}}}},"branchMap":{"0":{"loc":{"start":{"line":7,"column":187},"end":{"line":7,"column":233}},"type":"cond-expr","locations":[{"start":{"line":7,"column":211},"end":{"line":7,"column":214}},{"start":{"line":7,"column":217},"end":{"line":7,"column":233}}]},"1":{"loc":{"start":{"line":7,"column":187},"end":{"line":7,"column":208}},"type":"binary-expr","locations":[{"start":{"line":7,"column":187},"end":{"line":7,"column":190}},{"start":{"line":7,"column":194},"end":{"line":7,"column":208}}]}},"s":{"0":0,"1":0,"2":0},"f":{"0":0},"b":{"0":[0,0],"1":[0,0]}}
}
